# JRE version: OpenJDK Runtime Environment (17.0.11) (build 17.0.11+0--11852314)
# Java VM: OpenJDK 64-Bit Server VM (17.0.11+0--11852314, mixed mode, tiered, compressed oops, compressed class ptrs, g1 gc, windows-amd64)
GC Precious Log:
 CPUs: 12 total, 12 available
 Memory: 7528M
 Large Page Support: Disabled
 NUMA Support: Disabled
 Compressed Oops: Enabled (32-bit)
 Heap Region Size: 1M
 Heap Min Capacity: 8M
 Heap Initial Capacity: 118M
 Heap Max Capacity: 2G
 Pre-touch: Disabled
 Parallel Workers: 10
 Concurrent Workers: 3
 Concurrent Refinement Workers: 10
 Periodic GC: Disabled
Heap:
 garbage-first heap   total 347136K, used 315225K [0x0000000080000000, 0x0000000100000000)
  region size 1024K, 2 young (2048K), 2 survivors (2048K)
 Metaspace       used 202347K, committed 203456K, reserved 1245184K
  class space    used 25773K, committed 26304K, reserved 1048576K
GC Heap History (20 events):
Event: 50.553 GC heap after
{Heap after GC invocations=81 (full 0):
 garbage-first heap   total 347136K, used 285776K [0x0000000080000000, 0x0000000100000000)
  region size 1024K, 2 young (2048K), 2 survivors (2048K)
 Metaspace       used 197682K, committed 198784K, reserved 1245184K
  class space    used 25342K, committed 25856K, reserved 1048576K
}
Event: 50.827 GC heap before
{Heap before GC invocations=81 (full 0):
 garbage-first heap   total 347136K, used 304208K [0x0000000080000000, 0x0000000100000000)
  region size 1024K, 21 young (21504K), 2 survivors (2048K)
 Metaspace       used 199815K, committed 200896K, reserved 1245184K
  class space    used 25559K, committed 26048K, reserved 1048576K
}
Event: 50.830 GC heap after
{Heap after GC invocations=82 (full 0):
 garbage-first heap   total 347136K, used 285969K [0x0000000080000000, 0x0000000100000000)
  region size 1024K, 2 young (2048K), 2 survivors (2048K)
 Metaspace       used 199815K, committed 200896K, reserved 1245184K
  class space    used 25559K, committed 26048K, reserved 1048576K
}
Event: 286.375 GC heap before
{Heap before GC invocations=82 (full 0):
 garbage-first heap   total 347136K, used 304401K [0x0000000080000000, 0x0000000100000000)
  region size 1024K, 21 young (21504K), 2 survivors (2048K)
 Metaspace       used 201804K, committed 202944K, reserved 1245184K
  class space    used 25724K, committed 26240K, reserved 1048576K
}
Event: 286.437 GC heap after
{Heap after GC invocations=83 (full 0):
 garbage-first heap   total 347136K, used 286143K [0x0000000080000000, 0x0000000100000000)
  region size 1024K, 2 young (2048K), 2 survivors (2048K)
 Metaspace       used 201804K, committed 202944K, reserved 1245184K
  class space    used 25724K, committed 26240K, reserved 1048576K
}
Event: 1080.901 GC heap before
{Heap before GC invocations=83 (full 0):
 garbage-first heap   total 347136K, used 306623K [0x0000000080000000, 0x0000000100000000)
  region size 1024K, 22 young (22528K), 2 survivors (2048K)
 Metaspace       used 201924K, committed 203008K, reserved 1245184K
  class space    used 25730K, committed 26240K, reserved 1048576K
}
Event: 1080.968 GC heap after
{Heap after GC invocations=84 (full 0):
 garbage-first heap   total 347136K, used 286431K [0x0000000080000000, 0x0000000100000000)
  region size 1024K, 1 young (1024K), 1 survivors (1024K)
 Metaspace       used 201924K, committed 203008K, reserved 1245184K
  class space    used 25730K, committed 26240K, reserved 1048576K
}
Event: 1085.102 GC heap before
{Heap before GC invocations=84 (full 0):
 garbage-first heap   total 347136K, used 306911K [0x0000000080000000, 0x0000000100000000)
  region size 1024K, 22 young (22528K), 1 survivors (1024K)
 Metaspace       used 202249K, committed 203392K, reserved 1245184K
  class space    used 25772K, committed 26304K, reserved 1048576K
}
Event: 1085.120 GC heap after
{Heap after GC invocations=85 (full 0):
 garbage-first heap   total 347136K, used 288379K [0x0000000080000000, 0x0000000100000000)
  region size 1024K, 3 young (3072K), 3 survivors (3072K)
 Metaspace       used 202249K, committed 203392K, reserved 1245184K
  class space    used 25772K, committed 26304K, reserved 1048576K
}
Event: 1086.866 GC heap before
{Heap before GC invocations=85 (full 0):
 garbage-first heap   total 347136K, used 312955K [0x0000000080000000, 0x0000000100000000)
  region size 1024K, 21 young (21504K), 3 survivors (3072K)
 Metaspace       used 202342K, committed 203456K, reserved 1245184K
  class space    used 25773K, committed 26304K, reserved 1048576K
}
Event: 1086.888 GC heap after
{Heap after GC invocations=86 (full 0):
 garbage-first heap   total 347136K, used 298355K [0x0000000080000000, 0x0000000100000000)
  region size 1024K, 3 young (3072K), 3 survivors (3072K)
 Metaspace       used 202342K, committed 203456K, reserved 1245184K
  class space    used 25773K, committed 26304K, reserved 1048576K
}
Event: 1086.914 GC heap before
{Heap before GC invocations=86 (full 0):
 garbage-first heap   total 347136K, used 311667K [0x0000000080000000, 0x0000000100000000)
  region size 1024K, 16 young (16384K), 3 survivors (3072K)
 Metaspace       used 202342K, committed 203456K, reserved 1245184K
  class space    used 25773K, committed 26304K, reserved 1048576K
}
Event: 1086.930 GC heap after
{Heap after GC invocations=87 (full 0):
 garbage-first heap   total 347136K, used 301948K [0x0000000080000000, 0x0000000100000000)
  region size 1024K, 2 young (2048K), 2 survivors (2048K)
 Metaspace       used 202342K, committed 203456K, reserved 1245184K
  class space    used 25773K, committed 26304K, reserved 1048576K
}
Event: 1086.994 GC heap before
{Heap before GC invocations=87 (full 0):
 garbage-first heap   total 347136K, used 315260K [0x0000000080000000, 0x0000000100000000)
  region size 1024K, 16 young (16384K), 2 survivors (2048K)
 Metaspace       used 202342K, committed 203456K, reserved 1245184K
  class space    used 25773K, committed 26304K, reserved 1048576K
}
Event: 1087.008 GC heap after
{Heap after GC invocations=88 (full 0):
 garbage-first heap   total 347136K, used 301505K [0x0000000080000000, 0x0000000100000000)
  region size 1024K, 2 young (2048K), 2 survivors (2048K)
 Metaspace       used 202342K, committed 203456K, reserved 1245184K
  class space    used 25773K, committed 26304K, reserved 1048576K
}
Event: 1087.085 GC heap before
{Heap before GC invocations=88 (full 0):
 garbage-first heap   total 347136K, used 315841K [0x0000000080000000, 0x0000000100000000)
  region size 1024K, 16 young (16384K), 2 survivors (2048K)
 Metaspace       used 202342K, committed 203456K, reserved 1245184K
  class space    used 25773K, committed 26304K, reserved 1048576K
}
Event: 1087.127 GC heap after
{Heap after GC invocations=89 (full 0):
 garbage-first heap   total 347136K, used 305934K [0x0000000080000000, 0x0000000100000000)
  region size 1024K, 2 young (2048K), 2 survivors (2048K)
 Metaspace       used 202342K, committed 203456K, reserved 1245184K
  class space    used 25773K, committed 26304K, reserved 1048576K
}
Event: 1087.237 GC heap before
{Heap before GC invocations=89 (full 0):
 garbage-first heap   total 347136K, used 320270K [0x0000000080000000, 0x0000000100000000)
  region size 1024K, 16 young (16384K), 2 survivors (2048K)
 Metaspace       used 202345K, committed 203456K, reserved 1245184K
  class space    used 25773K, committed 26304K, reserved 1048576K
}
Event: 1087.245 GC heap after
{Heap after GC invocations=90 (full 0):
 garbage-first heap   total 347136K, used 310522K [0x0000000080000000, 0x0000000100000000)
  region size 1024K, 2 young (2048K), 2 survivors (2048K)
 Metaspace       used 202345K, committed 203456K, reserved 1245184K
  class space    used 25773K, committed 26304K, reserved 1048576K
}
Event: 1087.323 GC heap before
{Heap before GC invocations=90 (full 0):
 garbage-first heap   total 347136K, used 324858K [0x0000000080000000, 0x0000000100000000)
  region size 1024K, 16 young (16384K), 2 survivors (2048K)
 Metaspace       used 202347K, committed 203456K, reserved 1245184K
  class space    used 25773K, committed 26304K, reserved 1048576K
}

