# JRE version: OpenJDK Runtime Environment (17.0.11) (build 17.0.11+0--11852314)
# Java VM: OpenJDK 64-Bit Server VM (17.0.11+0--11852314, mixed mode, tiered, compressed oops, compressed class ptrs, g1 gc, windows-amd64)
GC Precious Log:
 CPUs: 12 total, 12 available
 Memory: 7528M
 Large Page Support: Disabled
 NUMA Support: Disabled
 Compressed Oops: Enabled (32-bit)
 Heap Region Size: 1M
 Heap Min Capacity: 8M
 Heap Initial Capacity: 118M
 Heap Max Capacity: 2G
 Pre-touch: Disabled
 Parallel Workers: 10
 Concurrent Workers: 3
 Concurrent Refinement Workers: 10
 Periodic GC: Disabled
Heap:
 garbage-first heap   total 500736K, used 322622K [0x0000000080000000, 0x0000000100000000)
  region size 1024K, 58 young (59392K), 15 survivors (15360K)
 Metaspace       used 226034K, committed 227456K, reserved 1310720K
  class space    used 28701K, committed 29376K, reserved 1048576K
GC Heap History (20 events):
Event: 488.618 GC heap before
{Heap before GC invocations=64 (full 0):
 garbage-first heap   total 500736K, used 373970K [0x0000000080000000, 0x0000000100000000)
  region size 1024K, 157 young (160768K), 8 survivors (8192K)
 Metaspace       used 154107K, committed 155328K, reserved 1245184K
  class space    used 20142K, committed 20736K, reserved 1048576K
}
Event: 488.638 GC heap after
{Heap after GC invocations=65 (full 0):
 garbage-first heap   total 500736K, used 225572K [0x0000000080000000, 0x0000000100000000)
  region size 1024K, 12 young (12288K), 12 survivors (12288K)
 Metaspace       used 154107K, committed 155328K, reserved 1245184K
  class space    used 20142K, committed 20736K, reserved 1048576K
}
Event: 492.864 GC heap before
{Heap before GC invocations=66 (full 0):
 garbage-first heap   total 500736K, used 379172K [0x0000000080000000, 0x0000000100000000)
  region size 1024K, 166 young (169984K), 12 survivors (12288K)
 Metaspace       used 154107K, committed 155328K, reserved 1245184K
  class space    used 20142K, committed 20736K, reserved 1048576K
}
Event: 492.943 GC heap after
{Heap after GC invocations=67 (full 0):
 garbage-first heap   total 500736K, used 226445K [0x0000000080000000, 0x0000000100000000)
  region size 1024K, 13 young (13312K), 13 survivors (13312K)
 Metaspace       used 154107K, committed 155328K, reserved 1245184K
  class space    used 20142K, committed 20736K, reserved 1048576K
}
Event: 493.026 GC heap before
{Heap before GC invocations=67 (full 0):
 garbage-first heap   total 500736K, used 237709K [0x0000000080000000, 0x0000000100000000)
  region size 1024K, 24 young (24576K), 13 survivors (13312K)
 Metaspace       used 154107K, committed 155328K, reserved 1245184K
  class space    used 20142K, committed 20736K, reserved 1048576K
}
Event: 493.106 GC heap after
{Heap after GC invocations=68 (full 0):
 garbage-first heap   total 500736K, used 212567K [0x0000000080000000, 0x0000000100000000)
  region size 1024K, 3 young (3072K), 3 survivors (3072K)
 Metaspace       used 154107K, committed 155328K, reserved 1245184K
  class space    used 20142K, committed 20736K, reserved 1048576K
}
Event: 495.609 GC heap before
{Heap before GC invocations=68 (full 0):
 garbage-first heap   total 500736K, used 385623K [0x0000000080000000, 0x0000000100000000)
  region size 1024K, 172 young (176128K), 3 survivors (3072K)
 Metaspace       used 154109K, committed 155328K, reserved 1245184K
  class space    used 20142K, committed 20736K, reserved 1048576K
}
Event: 495.621 GC heap after
{Heap after GC invocations=69 (full 0):
 garbage-first heap   total 500736K, used 217366K [0x0000000080000000, 0x0000000100000000)
  region size 1024K, 8 young (8192K), 8 survivors (8192K)
 Metaspace       used 154109K, committed 155328K, reserved 1245184K
  class space    used 20142K, committed 20736K, reserved 1048576K
}
Event: 497.477 GC heap before
{Heap before GC invocations=69 (full 0):
 garbage-first heap   total 500736K, used 393494K [0x0000000080000000, 0x0000000100000000)
  region size 1024K, 180 young (184320K), 8 survivors (8192K)
 Metaspace       used 154109K, committed 155328K, reserved 1245184K
  class space    used 20142K, committed 20736K, reserved 1048576K
}
Event: 497.511 GC heap after
{Heap after GC invocations=70 (full 0):
 garbage-first heap   total 500736K, used 222157K [0x0000000080000000, 0x0000000100000000)
  region size 1024K, 13 young (13312K), 13 survivors (13312K)
 Metaspace       used 154109K, committed 155328K, reserved 1245184K
  class space    used 20142K, committed 20736K, reserved 1048576K
}
Event: 546.787 GC heap before
{Heap before GC invocations=70 (full 0):
 garbage-first heap   total 500736K, used 399309K [0x0000000080000000, 0x0000000100000000)
  region size 1024K, 187 young (191488K), 13 survivors (13312K)
 Metaspace       used 156177K, committed 157504K, reserved 1245184K
  class space    used 20358K, committed 20992K, reserved 1048576K
}
Event: 546.959 GC heap after
{Heap after GC invocations=71 (full 0):
 garbage-first heap   total 500736K, used 236080K [0x0000000080000000, 0x0000000100000000)
  region size 1024K, 24 young (24576K), 24 survivors (24576K)
 Metaspace       used 156177K, committed 157504K, reserved 1245184K
  class space    used 20358K, committed 20992K, reserved 1048576K
}
Event: 553.514 GC heap before
{Heap before GC invocations=72 (full 0):
 garbage-first heap   total 500736K, used 406064K [0x0000000080000000, 0x0000000100000000)
  region size 1024K, 187 young (191488K), 24 survivors (24576K)
 Metaspace       used 186627K, committed 188032K, reserved 1245184K
  class space    used 24425K, committed 25088K, reserved 1048576K
}
Event: 553.792 GC heap after
{Heap after GC invocations=73 (full 0):
 garbage-first heap   total 500736K, used 249915K [0x0000000080000000, 0x0000000100000000)
  region size 1024K, 14 young (14336K), 14 survivors (14336K)
 Metaspace       used 186627K, committed 188032K, reserved 1245184K
  class space    used 24425K, committed 25088K, reserved 1048576K
}
Event: 554.280 GC heap before
{Heap before GC invocations=73 (full 0):
 garbage-first heap   total 500736K, used 259131K [0x0000000080000000, 0x0000000100000000)
  region size 1024K, 24 young (24576K), 14 survivors (14336K)
 Metaspace       used 188987K, committed 190336K, reserved 1245184K
  class space    used 24700K, committed 25344K, reserved 1048576K
}
Event: 554.393 GC heap after
{Heap after GC invocations=74 (full 0):
 garbage-first heap   total 500736K, used 246471K [0x0000000080000000, 0x0000000100000000)
  region size 1024K, 3 young (3072K), 3 survivors (3072K)
 Metaspace       used 188987K, committed 190336K, reserved 1245184K
  class space    used 24700K, committed 25344K, reserved 1048576K
}
Event: 558.839 GC heap before
{Heap before GC invocations=74 (full 0):
 garbage-first heap   total 500736K, used 409287K [0x0000000080000000, 0x0000000100000000)
  region size 1024K, 159 young (162816K), 3 survivors (3072K)
 Metaspace       used 204456K, committed 205888K, reserved 1245184K
  class space    used 26541K, committed 27200K, reserved 1048576K
}
Event: 558.881 GC heap after
{Heap after GC invocations=75 (full 0):
 garbage-first heap   total 500736K, used 264361K [0x0000000080000000, 0x0000000100000000)
  region size 1024K, 18 young (18432K), 18 survivors (18432K)
 Metaspace       used 204456K, committed 205888K, reserved 1245184K
  class space    used 26541K, committed 27200K, reserved 1048576K
}
Event: 562.893 GC heap before
{Heap before GC invocations=75 (full 0):
 garbage-first heap   total 500736K, used 406697K [0x0000000080000000, 0x0000000100000000)
  region size 1024K, 158 young (161792K), 18 survivors (18432K)
 Metaspace       used 222108K, committed 223552K, reserved 1245184K
  class space    used 28323K, committed 28992K, reserved 1048576K
}
Event: 563.097 GC heap after
{Heap after GC invocations=76 (full 0):
 garbage-first heap   total 500736K, used 279614K [0x0000000080000000, 0x0000000100000000)
  region size 1024K, 15 young (15360K), 15 survivors (15360K)
 Metaspace       used 222108K, committed 223552K, reserved 1245184K
  class space    used 28323K, committed 28992K, reserved 1048576K
}

